生成启动时间为 2015/12/22 19:56:46。
     1>项目“D:\Tom\opengl\SB5\freeglut-2.6.0\VisualStudio2008Static\Fractals_random\Fractals_random.vcxproj”在节点 4 上(rebuild 个目标)。
     1>InitializeBuildStatus:
         正在创建“Release\Fractals_random.unsuccessfulbuild”，因为已指定“AlwaysCreate”。
       ClCompile:
         C:\Program Files (x86)\Microsoft Visual Studio 10.0\VC\bin\CL.exe /c /I..\..\include /Zi /nologo /W3 /WX- /O2 /Oi /Oy- /GL /D WIN32 /D NDEBUG /D _CONSOLE /D FREEGLUT_STATIC /D _UNICODE /D UNICODE /Gm- /EHsc /MT /GS /Gy /fp:precise /Zc:wchar_t /Zc:forScope /Fo"Release\\" /Fd"Release\vc100.pdb" /Gd /TC /analyze- /errorReport:prompt ..\..\progs\demos\Fractals_random\fractals_random.c
         fractals_random.c
     1>..\..\progs\demos\Fractals_random\fractals_random.c(270): warning C4996: 'fopen': This function or variable may be unsafe. Consider using fopen_s instead. To disable deprecation, use _CRT_SECURE_NO_WARNINGS. See online help for details.
                 C:\Program Files (x86)\Microsoft Visual Studio 10.0\VC\include\stdio.h(234) : 参见“fopen”的声明
     1>..\..\progs\demos\Fractals_random\fractals_random.c(289): warning C4996: 'sscanf': This function or variable may be unsafe. Consider using sscanf_s instead. To disable deprecation, use _CRT_SECURE_NO_WARNINGS. See online help for details.
                 C:\Program Files (x86)\Microsoft Visual Studio 10.0\VC\include\stdio.h(325) : 参见“sscanf”的声明
     1>..\..\progs\demos\Fractals_random\fractals_random.c(296): warning C4996: 'sscanf': This function or variable may be unsafe. Consider using sscanf_s instead. To disable deprecation, use _CRT_SECURE_NO_WARNINGS. See online help for details.
                 C:\Program Files (x86)\Microsoft Visual Studio 10.0\VC\include\stdio.h(325) : 参见“sscanf”的声明
     1>..\..\progs\demos\Fractals_random\fractals_random.c(308): warning C4996: 'sscanf': This function or variable may be unsafe. Consider using sscanf_s instead. To disable deprecation, use _CRT_SECURE_NO_WARNINGS. See online help for details.
                 C:\Program Files (x86)\Microsoft Visual Studio 10.0\VC\include\stdio.h(325) : 参见“sscanf”的声明
     1>..\..\progs\demos\Fractals_random\fractals_random.c(314): warning C4996: 'strcpy': This function or variable may be unsafe. Consider using strcpy_s instead. To disable deprecation, use _CRT_SECURE_NO_WARNINGS. See online help for details.
       Link:
         C:\Program Files (x86)\Microsoft Visual Studio 10.0\VC\bin\link.exe /ERRORREPORT:PROMPT /OUT:"D:\Tom\opengl\SB5\freeglut-2.6.0\VisualStudio2008Static\Release\Fractals_random.exe" /INCREMENTAL:NO /NOLOGO kernel32.lib user32.lib gdi32.lib winspool.lib comdlg32.lib advapi32.lib shell32.lib ole32.lib oleaut32.lib uuid.lib odbc32.lib odbccp32.lib /MANIFEST /ManifestFile:"Release\Fractals_random.exe.intermediate.manifest" /MANIFESTUAC:"level='asInvoker' uiAccess='false'" /DEBUG /PDB:"D:\Tom\opengl\SB5\freeglut-2.6.0\VisualStudio2008Static\Release\Fractals_random.pdb" /SUBSYSTEM:CONSOLE /OPT:REF /OPT:ICF /LTCG /TLBID:1 /DYNAMICBASE /NXCOMPAT /IMPLIB:"D:\Tom\opengl\SB5\freeglut-2.6.0\VisualStudio2008Static\Release\Fractals_random.lib" /MACHINE:X86 Release\fractals_random.obj
         "D:\Tom\opengl\SB5\freeglut-2.6.0\VisualStudio2008Static\Release\freeglut_static.lib"
         正在生成代码
         已完成代码的生成
         Fractals_random.vcxproj -> D:\Tom\opengl\SB5\freeglut-2.6.0\VisualStudio2008Static\Release\Fractals_random.exe
       Manifest:
         C:\Program Files (x86)\Microsoft SDKs\Windows\v7.0A\bin\mt.exe /nologo /verbose /outputresource:"D:\Tom\opengl\SB5\freeglut-2.6.0\VisualStudio2008Static\Release\Fractals_random.exe;#1" /manifest Release\Fractals_random.exe.intermediate.manifest
       FinalizeBuildStatus:
         正在删除文件“Release\Fractals_random.unsuccessfulbuild”。
         正在对“Release\Fractals_random.lastbuildstate”执行 Touch 任务。
     1>已完成生成项目“D:\Tom\opengl\SB5\freeglut-2.6.0\VisualStudio2008Static\Fractals_random\Fractals_random.vcxproj”(rebuild 个目标)的操作。

生成成功。

已用时间 00:00:03.23
